Loaded 1555 total leads. Sending batch [27:67] = 40 emails.

[28/1555] Angie Jones <jones.angie@gmail.com>
  CRM lead: 7425995000000762002
  SENT
[29/1555] TJ VanToll <tj.vantoll@gmail.com>
  CRM lead: 7425995000000763001
  SENT
[30/1555] James Le <jl1165@rit.edu>
  CRM lead: 7425995000000762004
  SENT
[31/1555] Rody Davis <rody.davis.jr@gmail.com>
  CRM lead: 7425995000000764001
  SENT
[32/1555] Josh Long <josh@joshlong.com>
  CRM lead: 7425995000000765001
  SENT
[33/1555] Viktor Gamov <gamussa@gmail.com>
  CRM lead: 7425995000000766001
  SENT
[34/1555] Jessica Deen <jessicadeen@me.com>
  CRM lead: 7425995000000763003
  SENT
[35/1555] Marlene  <marlenemhangami@gmail.com>
  CRM lead: 7425995000000765003
  SENT
[36/1555] Matti Tahvonen <matti@vaadin.com>
  CRM lead: 7425995000000767001
  SENT
[37/1555] Nicholas Jackson <jackson.nic@gmail.com>
  CRM lead: 7425995000000768001
  SENT
[38/1555] Philippe Ozil <philippe.ozil@gmail.com>
  CRM lead: 7425995000000762006
  SENT
[39/1555] Igor Wojda <igor.wojda@gmail.com>
  CRM lead: 7425995000000769001
  SENT
